time="2025-12-20T00:06:22-08:00" level=info msg="Using docker host 'unix:///var/run/docker.sock', and daemon socket 'unix:///var/run/docker.sock'"
[Build Samples/python-test] ⭐ Run Set up job
[Build Samples/python-test] 🚀  Start image=catthehacker/ubuntu:act-latest
[Build Samples/python-test]   🐳  docker pull image=catthehacker/ubuntu:act-latest platform=linux/amd64 username= forcePull=true
[Build Samples/python-test]   🐳  docker create image=catthehacker/ubuntu:act-latest platform=linux/amd64 entrypoint=["tail" "-f" "/dev/null"] cmd=[] network="host"
[Build Samples/python-test]   🐳  docker run image=catthehacker/ubuntu:act-latest platform=linux/amd64 entrypoint=["tail" "-f" "/dev/null"] cmd=[] network="host"
[Build Samples/python-test]   🐳  docker exec cmd=[node --no-warnings -e console.log(process.execPath)] user= workdir=
[Build Samples/python-test]   ✅  Success - Set up job
[Build Samples/python-test]   ☁  git clone 'https://github.com/astral-sh/setup-uv' # ref=v5
[Build Samples/python-test] ⭐ Run Main Checkout code
[Build Samples/python-test]   🐳  docker cp src=/Users/garaemon/ghq/github.com/garaemon/mujoco-samples/. dst=/Users/garaemon/ghq/github.com/garaemon/mujoco-samples
[Build Samples/python-test]   ✅  Success - Main Checkout code [75.301417ms]
[Build Samples/python-test] ⭐ Run Main Install uv
[Build Samples/python-test]   🐳  docker cp src=/Users/garaemon/.cache/act/astral-sh-setup-uv@v5/ dst=/var/run/act/actions/astral-sh-setup-uv@v5/
[Build Samples/python-test]   🐳  docker exec cmd=[/opt/acttoolcache/node/18.20.8/x64/bin/node /var/run/act/actions/astral-sh-setup-uv@v5/dist/setup/index.js] user= workdir=
[Build Samples/python-test]   | Found uv in tool-cache for 0.9.18
[Build Samples/python-test]   | Added /root/.local/bin to the path
[Build Samples/python-test]   | Added /opt/hostedtoolcache/uv/0.9.18/x86_64 to the path
[Build Samples/python-test]   ❓ add-matcher /run/act/actions/astral-sh-setup-uv@v5/.github/python.json
[Build Samples/python-test]   | Set UV_CACHE_DIR to /tmp/setup-uv-cache
[Build Samples/python-test]   | Successfully installed uv version 0.9.18
[Build Samples/python-test]   ✅  Success - Main Install uv [2.194814417s]
[Build Samples/python-test]   ⚙  ::set-env:: UV_CACHE_DIR=/tmp/setup-uv-cache
[Build Samples/python-test]   ⚙  ::set-output:: uv-path=/opt/hostedtoolcache/uv/0.9.18/x86_64/uv
[Build Samples/python-test]   ⚙  ::set-output:: uvx-path=/opt/hostedtoolcache/uv/0.9.18/x86_64/uvx
[Build Samples/python-test]   ⚙  ::set-output:: uv-version=0.9.18
[Build Samples/python-test]   ⚙  ::add-path:: /root/.local/bin
[Build Samples/python-test]   ⚙  ::add-path:: /opt/hostedtoolcache/uv/0.9.18/x86_64
[Build Samples/python-test] ⭐ Run Main Set up Python
[Build Samples/python-test]   🐳  docker exec cmd=[bash -e /var/run/act/workflow/2] user= workdir=
[Build Samples/python-test]   | Downloading cpython-3.12.12-linux-x86_64-gnu (download) (31.7MiB)
[Build Samples/python-test]   |  Downloaded cpython-3.12.12-linux-x86_64-gnu (download)
[Build Samples/python-test]   | Installed Python 3.12.12 in 2.07s
[Build Samples/python-test]   |  + cpython-3.12.12-linux-x86_64-gnu (python3.12)
[Build Samples/python-test]   ✅  Success - Main Set up Python [2.301292083s]
[Build Samples/python-test] ⭐ Run Main Install the project
[Build Samples/python-test]   🐳  docker exec cmd=[bash -e /var/run/act/workflow/3] user= workdir=
[Build Samples/python-test]   | Using CPython 3.12.12
[Build Samples/python-test]   | Creating virtual environment at: .venv
[Build Samples/python-test]   | Resolved 11 packages in 24ms
[Build Samples/python-test]   | Downloading pyopengl (3.0MiB)
[Build Samples/python-test]   | Downloading numpy (15.8MiB)
[Build Samples/python-test]   | Downloading mujoco (6.7MiB)
[Build Samples/python-test]   |  Downloaded pyopengl
[Build Samples/python-test]   |  Downloaded mujoco
[Build Samples/python-test]   |  Downloaded numpy
[Build Samples/python-test]   | Prepared 10 packages in 1.51s
[Build Samples/python-test]   | warning: Failed to hardlink files; falling back to full copy. This may lead to degraded performance.
[Build Samples/python-test]   |          If the cache and target directories are on different filesystems, hardlinking may not be supported.
[Build Samples/python-test]   |          If this is intentional, set `export UV_LINK_MODE=copy` or use `--link-mode=copy` to suppress this warning.
[Build Samples/python-test]   | Installed 10 packages in 162ms
[Build Samples/python-test]   |  + absl-py==2.3.1
[Build Samples/python-test]   |  + etils==1.13.0
[Build Samples/python-test]   |  + fsspec==2025.12.0
[Build Samples/python-test]   |  + glfw==2.10.0
[Build Samples/python-test]   |  + importlib-resources==6.5.2
[Build Samples/python-test]   |  + mujoco==3.4.0
[Build Samples/python-test]   |  + numpy==2.3.5
[Build Samples/python-test]   |  + pyopengl==3.1.10
[Build Samples/python-test]   |  + typing-extensions==4.15.0
[Build Samples/python-test]   |  + zipp==3.23.0
[Build Samples/python-test]   ✅  Success - Main Install the project [2.3478055s]
[Build Samples/python-test] ⭐ Run Main Run Python script
[Build Samples/python-test]   🐳  docker exec cmd=[bash -e /var/run/act/workflow/4] user= workdir=
[Build Samples/python-test]   | 3.4.0
[Build Samples/python-test]   ✅  Success - Main Run Python script [1.7520195s]
[Build Samples/python-test] ⭐ Run Post Install uv
[Build Samples/python-test]   🐳  docker exec cmd=[/opt/acttoolcache/node/18.20.8/x64/bin/node /var/run/act/actions/astral-sh-setup-uv@v5/dist/save-cache/index.js] user= workdir=
[Build Samples/python-test]   ✅  Success - Post Install uv [688.570125ms]
[Build Samples/python-test] ⭐ Run Complete job
[Build Samples/python-test] Cleaning up container for job python-test
[Build Samples/python-test]   ✅  Success - Complete job
[Build Samples/python-test] 🏁  Job succeeded
